2019-05-05 10:11:23.117 [reactor-http-nio-2] ERROR org.springframework.boot.autoconfigure.web.reactive.error.DefaultErrorWebExceptionHandler:218 -> Failed to handle request [GET http://localhost:8085/actuator/gateway/routes]
java.lang.IndexOutOfBoundsException: Index: 0, Size: 0
	at java.util.ArrayList.rangeCheck(ArrayList.java:657)
	at java.util.ArrayList.get(ArrayList.java:433)
	at org.springframework.cloud.gateway.route.RouteDefinitionRouteLocator.combinePredicates(RouteDefinitionRouteLocator.java:197)
	at org.springframework.cloud.gateway.route.RouteDefinitionRouteLocator.convertToRoute(RouteDefinitionRouteLocator.java:127)
	at reactor.core.publisher.FluxMap$MapSubscriber.onNext(FluxMap.java:100)
	at reactor.core.publisher.FluxFlatMap$FlatMapMain.drainLoop(FluxFlatMap.java:646)
	at reactor.core.publisher.FluxFlatMap$FlatMapMain.drain(FluxFlatMap.java:523)
	at reactor.core.publisher.FluxFlatMap$FlatMapInner.onSubscribe(FluxFlatMap.java:897)
	at reactor.core.publisher.FluxIterable.subscribe(FluxIterable.java:140)
	at reactor.core.publisher.FluxIterable.subscribe(FluxIterable.java:64)
	at reactor.core.publisher.Flux.subscribe(Flux.java:6877)
	at reactor.core.publisher.FluxFlatMap$FlatMapMain.onNext(FluxFlatMap.java:372)
	at reactor.core.publisher.FluxIterable$IterableSubscription.slowPath(FluxIterable.java:244)
	at reactor.core.publisher.FluxIterable$IterableSubscription.request(FluxIterable.java:202)
	at reactor.core.publisher.FluxFlatMap$FlatMapMain.onSubscribe(FluxFlatMap.java:332)
	at reactor.core.publisher.FluxIterable.subscribe(FluxIterable.java:140)
	at reactor.core.publisher.FluxIterable.subscribe(FluxIterable.java:64)
	at reactor.core.publisher.FluxFlatMap.subscribe(FluxFlatMap.java:97)
	at reactor.core.publisher.FluxMap.subscribe(FluxMap.java:62)
	at reactor.core.publisher.FluxMap.subscribe(FluxMap.java:62)
	at reactor.core.publisher.Flux.subscribe(Flux.java:6877)
	at reactor.core.publisher.FluxFlatMap$FlatMapMain.onNext(FluxFlatMap.java:372)
	at reactor.core.publisher.FluxIterable$IterableSubscription.slowPath(FluxIterable.java:244)
	at reactor.core.publisher.FluxIterable$IterableSubscription.request(FluxIterable.java:202)
	at reactor.core.publisher.FluxFlatMap$FlatMapMain.onSubscribe(FluxFlatMap.java:332)
	at reactor.core.publisher.FluxIterable.subscribe(FluxIterable.java:140)
	at reactor.core.publisher.FluxIterable.subscribe(FluxIterable.java:64)
	at reactor.core.publisher.FluxFlatMap.subscribe(FluxFlatMap.java:97)
	at reactor.core.publisher.MonoCollectList.subscribe(MonoCollectList.java:59)
	at reactor.core.publisher.MonoMapFuseable.subscribe(MonoMapFuseable.java:59)
	at reactor.core.publisher.MonoFlattenIterable.subscribe(MonoFlattenIterable.java:101)
	at reactor.core.publisher.FluxMaterialize.subscribe(FluxMaterialize.java:40)
	at reactor.core.publisher.MonoCollectList.subscribe(MonoCollectList.java:59)
	at reactor.core.publisher.MonoPeekFuseable.subscribe(MonoPeekFuseable.java:74)
	at reactor.core.publisher.MonoFlattenIterable.subscribe(MonoFlattenIterable.java:101)
	at reactor.core.publisher.FluxDematerialize.subscribe(FluxDematerialize.java:39)
	at reactor.core.publisher.FluxDefer.subscribe(FluxDefer.java:55)
	at reactor.core.publisher.MonoCollectList.subscribe(MonoCollectList.java:59)
	at reactor.core.publisher.Mono.subscribe(Mono.java:3088)
	at reactor.core.publisher.MonoZip.subscribe(MonoZip.java:128)
	at reactor.core.publisher.MonoMap.subscribe(MonoMap.java:55)
	at reactor.core.publisher.FluxSourceMono.subscribe(FluxSourceMono.java:46)
	at reactor.core.publisher.FluxMap.subscribe(FluxMap.java:62)
	at reactor.core.publisher.MonoNext.subscribe(MonoNext.java:40)
	at reactor.core.publisher.MonoDefaultIfEmpty.subscribe(MonoDefaultIfEmpty.java:37)
	at reactor.core.publisher.MonoFlatMap.subscribe(MonoFlatMap.java:60)
	at reactor.core.publisher.MonoOnErrorResume.subscribe(MonoOnErrorResume.java:44)
	at reactor.core.publisher.MonoFlatMap$FlatMapMain.onNext(MonoFlatMap.java:150)
	at reactor.core.publisher.Operators$MonoSubscriber.complete(Operators.java:1083)
	at reactor.core.publisher.MonoFlatMap$FlatMapInner.onNext(MonoFlatMap.java:241)
	at reactor.core.publisher.FluxOnErrorResume$ResumeSubscriber.onNext(FluxOnErrorResume.java:73)
	at reactor.core.publisher.FluxPeekFuseable$PeekFuseableSubscriber.onNext(FluxPeekFuseable.java:198)
	at reactor.core.publisher.FluxPeekFuseable$PeekFuseableSubscriber.onNext(FluxPeekFuseable.java:198)
	at reactor.core.publisher.Operators$MonoSubscriber.complete(Operators.java:1083)
	at reactor.core.publisher.MonoIgnoreThen$ThenAcceptInner.onNext(MonoIgnoreThen.java:295)
	at reactor.core.publisher.Operators$ScalarSubscription.request(Operators.java:1640)
	at reactor.core.publisher.MonoIgnoreThen$ThenAcceptInner.onSubscribe(MonoIgnoreThen.java:284)
	at reactor.core.publisher.FluxFlatMap.trySubscribeScalarMap(FluxFlatMap.java:161)
	at reactor.core.publisher.MonoFlatMap.subscribe(MonoFlatMap.java:53)
	at reactor.core.publisher.MonoDefer.subscribe(MonoDefer.java:53)
	at reactor.core.publisher.MonoIgnoreThen$ThenIgnoreMain.drain(MonoIgnoreThen.java:153)
	at reactor.core.publisher.MonoIgnoreThen.subscribe(MonoIgnoreThen.java:56)
	at reactor.core.publisher.MonoPeekFuseable.subscribe(MonoPeekFuseable.java:74)
	at reactor.core.publisher.MonoPeekFuseable.subscribe(MonoPeekFuseable.java:74)
	at reactor.core.publisher.MonoOnErrorResume.subscribe(MonoOnErrorResume.java:44)
	at reactor.core.publisher.MonoFlatMap$FlatMapMain.onNext(MonoFlatMap.java:150)
	at reactor.core.publisher.FluxSwitchIfEmpty$SwitchIfEmptySubscriber.onNext(FluxSwitchIfEmpty.java:67)
	at reactor.core.publisher.MonoNext$NextSubscriber.onNext(MonoNext.java:76)
	at reactor.core.publisher.FluxConcatMap$ConcatMapImmediate.innerNext(FluxConcatMap.java:271)
	at reactor.core.publisher.FluxConcatMap$ConcatMapInner.onNext(FluxConcatMap.java:803)
	at reactor.core.publisher.FluxMapFuseable$MapFuseableSubscriber.onNext(FluxMapFuseable.java:115)
	at reactor.core.publisher.Operators$ScalarSubscription.request(Operators.java:1640)
	at reactor.core.publisher.FluxMapFuseable$MapFuseableSubscriber.request(FluxMapFuseable.java:156)
	at reactor.core.publisher.Operators$MultiSubscriptionSubscriber.set(Operators.java:1454)
	at reactor.core.publisher.Operators$MultiSubscriptionSubscriber.onSubscribe(Operators.java:1328)
	at reactor.core.publisher.FluxMapFuseable$MapFuseableSubscriber.onSubscribe(FluxMapFuseable.java:90)
	at reactor.core.publisher.MonoJust.subscribe(MonoJust.java:54)
	at reactor.core.publisher.MonoMapFuseable.subscribe(MonoMapFuseable.java:59)
	at reactor.core.publisher.Mono.subscribe(Mono.java:3088)
	at reactor.core.publisher.FluxConcatMap$ConcatMapImmediate.drain(FluxConcatMap.java:418)
	at reactor.core.publisher.FluxConcatMap$ConcatMapImmediate.onSubscribe(FluxConcatMap.java:210)
	at reactor.core.publisher.FluxIterable.subscribe(FluxIterable.java:140)
	at reactor.core.publisher.FluxIterable.subscribe(FluxIterable.java:64)
	at reactor.core.publisher.FluxConcatMap.subscribe(FluxConcatMap.java:121)
	at reactor.core.publisher.MonoNext.subscribe(MonoNext.java:40)
	at reactor.core.publisher.MonoSwitchIfEmpty.subscribe(MonoSwitchIfEmpty.java:44)
	at reactor.core.publisher.MonoFlatMap.subscribe(MonoFlatMap.java:60)
	at reactor.core.publisher.MonoFlatMap.subscribe(MonoFlatMap.java:60)
	at reactor.core.publisher.MonoDefer.subscribe(MonoDefer.java:53)
	at reactor.core.publisher.MonoDefer.subscribe(MonoDefer.java:53)
	at reactor.core.publisher.MonoPeekTerminal.subscribe(MonoPeekTerminal.java:61)
	at reactor.core.publisher.MonoFlatMap$FlatMapMain.onNext(MonoFlatMap.java:150)
	at reactor.core.publisher.Operators$MonoSubscriber.complete(Operators.java:1083)
	at reactor.core.publisher.MonoZip$ZipCoordinator.signal(MonoZip.java:247)
	at reactor.core.publisher.MonoZip$ZipInner.onNext(MonoZip.java:329)
	at reactor.core.publisher.Operators$ScalarSubscription.request(Operators.java:1640)
	at reactor.core.publisher.MonoZip$ZipInner.onSubscribe(MonoZip.java:318)
	at reactor.core.publisher.MonoJust.subscribe(MonoJust.java:54)
	at reactor.core.publisher.Mono.subscribe(Mono.java:3088)
	at reactor.core.publisher.MonoZip.subscribe(MonoZip.java:128)
	at reactor.core.publisher.MonoFlatMap.subscribe(MonoFlatMap.java:60)
	at reactor.core.publisher.MonoDefer.subscribe(MonoDefer.java:53)
	at reactor.core.publisher.MonoDefer.subscribe(MonoDefer.java:53)
	at reactor.core.publisher.MonoDefer.subscribe(MonoDefer.java:53)
	at reactor.core.publisher.MonoPeekTerminal.subscribe(MonoPeekTerminal.java:61)
	at reactor.core.publisher.MonoPeekFuseable.subscribe(MonoPeekFuseable.java:74)
	at reactor.core.publisher.MonoDefer.subscribe(MonoDefer.java:53)
	at reactor.core.publisher.MonoDefer.subscribe(MonoDefer.java:53)
	at reactor.core.publisher.MonoOnErrorResume.subscribe(MonoOnErrorResume.java:44)
	at reactor.core.publisher.MonoOnErrorResume.subscribe(MonoOnErrorResume.java:44)
	at reactor.core.publisher.MonoOnErrorResume.subscribe(MonoOnErrorResume.java:44)
	at reactor.core.publisher.MonoOnErrorResume.subscribe(MonoOnErrorResume.java:44)
	at reactor.core.publisher.Mono.subscribe(Mono.java:3088)
	at reactor.core.publisher.MonoIgnoreThen$ThenIgnoreMain.drain(MonoIgnoreThen.java:172)
	at reactor.core.publisher.MonoIgnoreThen.subscribe(MonoIgnoreThen.java:56)
	at reactor.core.publisher.MonoPeekFuseable.subscribe(MonoPeekFuseable.java:70)
	at reactor.core.publisher.MonoPeekTerminal.subscribe(MonoPeekTerminal.java:61)
	at reactor.ipc.netty.channel.ChannelOperations.applyHandler(ChannelOperations.java:381)
	at reactor.ipc.netty.http.server.HttpServerOperations.onHandlerStart(HttpServerOperations.java:399)
	at io.netty.util.concurrent.AbstractEventExecutor.safeExecute(AbstractEventExecutor.java:163)
	at io.netty.util.concurrent.SingleThreadEventExecutor.runAllTasks(SingleThreadEventExecutor.java:404)
	at io.netty.channel.nio.NioEventLoop.run(NioEventLoop.java:446)
	at io.netty.util.concurrent.SingleThreadEventExecutor$5.run(SingleThreadEventExecutor.java:884)
	at java.lang.Thread.run(Thread.java:748)
2019-05-05 10:13:10.729 [reactor-http-nio-2] ERROR org.springframework.boot.autoconfigure.web.reactive.error.DefaultErrorWebExceptionHandler:218 -> Failed to handle request [GET http://localhost:8085/actuator/gateway/routes]
java.lang.IndexOutOfBoundsException: Index: 0, Size: 0
	at java.util.ArrayList.rangeCheck(ArrayList.java:657)
	at java.util.ArrayList.get(ArrayList.java:433)
	at org.springframework.cloud.gateway.route.RouteDefinitionRouteLocator.combinePredicates(RouteDefinitionRouteLocator.java:197)
	at org.springframework.cloud.gateway.route.RouteDefinitionRouteLocator.convertToRoute(RouteDefinitionRouteLocator.java:127)
	at reactor.core.publisher.FluxMap$MapSubscriber.onNext(FluxMap.java:100)
	at reactor.core.publisher.FluxFlatMap$FlatMapMain.drainLoop(FluxFlatMap.java:646)
	at reactor.core.publisher.FluxFlatMap$FlatMapMain.drain(FluxFlatMap.java:523)
	at reactor.core.publisher.FluxFlatMap$FlatMapInner.onSubscribe(FluxFlatMap.java:897)
	at reactor.core.publisher.FluxIterable.subscribe(FluxIterable.java:140)
	at reactor.core.publisher.FluxIterable.subscribe(FluxIterable.java:64)
	at reactor.core.publisher.Flux.subscribe(Flux.java:6877)
	at reactor.core.publisher.FluxFlatMap$FlatMapMain.onNext(FluxFlatMap.java:372)
	at reactor.core.publisher.FluxIterable$IterableSubscription.slowPath(FluxIterable.java:244)
	at reactor.core.publisher.FluxIterable$IterableSubscription.request(FluxIterable.java:202)
	at reactor.core.publisher.FluxFlatMap$FlatMapMain.onSubscribe(FluxFlatMap.java:332)
	at reactor.core.publisher.FluxIterable.subscribe(FluxIterable.java:140)
	at reactor.core.publisher.FluxIterable.subscribe(FluxIterable.java:64)
	at reactor.core.publisher.FluxFlatMap.subscribe(FluxFlatMap.java:97)
	at reactor.core.publisher.FluxMap.subscribe(FluxMap.java:62)
	at reactor.core.publisher.FluxMap.subscribe(FluxMap.java:62)
	at reactor.core.publisher.Flux.subscribe(Flux.java:6877)
	at reactor.core.publisher.FluxFlatMap$FlatMapMain.onNext(FluxFlatMap.java:372)
	at reactor.core.publisher.FluxIterable$IterableSubscription.slowPath(FluxIterable.java:244)
	at reactor.core.publisher.FluxIterable$IterableSubscription.request(FluxIterable.java:202)
	at reactor.core.publisher.FluxFlatMap$FlatMapMain.onSubscribe(FluxFlatMap.java:332)
	at reactor.core.publisher.FluxIterable.subscribe(FluxIterable.java:140)
	at reactor.core.publisher.FluxIterable.subscribe(FluxIterable.java:64)
	at reactor.core.publisher.FluxFlatMap.subscribe(FluxFlatMap.java:97)
	at reactor.core.publisher.MonoCollectList.subscribe(MonoCollectList.java:59)
	at reactor.core.publisher.MonoMapFuseable.subscribe(MonoMapFuseable.java:59)
	at reactor.core.publisher.MonoFlattenIterable.subscribe(MonoFlattenIterable.java:101)
	at reactor.core.publisher.FluxMaterialize.subscribe(FluxMaterialize.java:40)
	at reactor.core.publisher.MonoCollectList.subscribe(MonoCollectList.java:59)
	at reactor.core.publisher.MonoPeekFuseable.subscribe(MonoPeekFuseable.java:74)
	at reactor.core.publisher.MonoFlattenIterable.subscribe(MonoFlattenIterable.java:101)
	at reactor.core.publisher.FluxDematerialize.subscribe(FluxDematerialize.java:39)
	at reactor.core.publisher.FluxDefer.subscribe(FluxDefer.java:55)
	at reactor.core.publisher.MonoCollectList.subscribe(MonoCollectList.java:59)
	at reactor.core.publisher.Mono.subscribe(Mono.java:3088)
	at reactor.core.publisher.MonoZip.subscribe(MonoZip.java:128)
	at reactor.core.publisher.MonoMap.subscribe(MonoMap.java:55)
	at reactor.core.publisher.FluxSourceMono.subscribe(FluxSourceMono.java:46)
	at reactor.core.publisher.FluxMap.subscribe(FluxMap.java:62)
	at reactor.core.publisher.MonoNext.subscribe(MonoNext.java:40)
	at reactor.core.publisher.MonoDefaultIfEmpty.subscribe(MonoDefaultIfEmpty.java:37)
	at reactor.core.publisher.MonoFlatMap.subscribe(MonoFlatMap.java:60)
	at reactor.core.publisher.MonoOnErrorResume.subscribe(MonoOnErrorResume.java:44)
	at reactor.core.publisher.MonoFlatMap$FlatMapMain.onNext(MonoFlatMap.java:150)
	at reactor.core.publisher.Operators$MonoSubscriber.complete(Operators.java:1083)
	at reactor.core.publisher.MonoFlatMap$FlatMapInner.onNext(MonoFlatMap.java:241)
	at reactor.core.publisher.FluxOnErrorResume$ResumeSubscriber.onNext(FluxOnErrorResume.java:73)
	at reactor.core.publisher.FluxPeekFuseable$PeekFuseableSubscriber.onNext(FluxPeekFuseable.java:198)
	at reactor.core.publisher.FluxPeekFuseable$PeekFuseableSubscriber.onNext(FluxPeekFuseable.java:198)
	at reactor.core.publisher.Operators$MonoSubscriber.complete(Operators.java:1083)
	at reactor.core.publisher.MonoIgnoreThen$ThenAcceptInner.onNext(MonoIgnoreThen.java:295)
	at reactor.core.publisher.Operators$ScalarSubscription.request(Operators.java:1640)
	at reactor.core.publisher.MonoIgnoreThen$ThenAcceptInner.onSubscribe(MonoIgnoreThen.java:284)
	at reactor.core.publisher.FluxFlatMap.trySubscribeScalarMap(FluxFlatMap.java:161)
	at reactor.core.publisher.MonoFlatMap.subscribe(MonoFlatMap.java:53)
	at reactor.core.publisher.MonoDefer.subscribe(MonoDefer.java:53)
	at reactor.core.publisher.MonoIgnoreThen$ThenIgnoreMain.drain(MonoIgnoreThen.java:153)
	at reactor.core.publisher.MonoIgnoreThen.subscribe(MonoIgnoreThen.java:56)
	at reactor.core.publisher.MonoPeekFuseable.subscribe(MonoPeekFuseable.java:74)
	at reactor.core.publisher.MonoPeekFuseable.subscribe(MonoPeekFuseable.java:74)
	at reactor.core.publisher.MonoOnErrorResume.subscribe(MonoOnErrorResume.java:44)
	at reactor.core.publisher.MonoFlatMap$FlatMapMain.onNext(MonoFlatMap.java:150)
	at reactor.core.publisher.FluxSwitchIfEmpty$SwitchIfEmptySubscriber.onNext(FluxSwitchIfEmpty.java:67)
	at reactor.core.publisher.MonoNext$NextSubscriber.onNext(MonoNext.java:76)
	at reactor.core.publisher.FluxConcatMap$ConcatMapImmediate.innerNext(FluxConcatMap.java:271)
	at reactor.core.publisher.FluxConcatMap$ConcatMapInner.onNext(FluxConcatMap.java:803)
	at reactor.core.publisher.FluxMapFuseable$MapFuseableSubscriber.onNext(FluxMapFuseable.java:115)
	at reactor.core.publisher.Operators$ScalarSubscription.request(Operators.java:1640)
	at reactor.core.publisher.FluxMapFuseable$MapFuseableSubscriber.request(FluxMapFuseable.java:156)
	at reactor.core.publisher.Operators$MultiSubscriptionSubscriber.set(Operators.java:1454)
	at reactor.core.publisher.Operators$MultiSubscriptionSubscriber.onSubscribe(Operators.java:1328)
	at reactor.core.publisher.FluxMapFuseable$MapFuseableSubscriber.onSubscribe(FluxMapFuseable.java:90)
	at reactor.core.publisher.MonoJust.subscribe(MonoJust.java:54)
	at reactor.core.publisher.MonoMapFuseable.subscribe(MonoMapFuseable.java:59)
	at reactor.core.publisher.Mono.subscribe(Mono.java:3088)
	at reactor.core.publisher.FluxConcatMap$ConcatMapImmediate.drain(FluxConcatMap.java:418)
	at reactor.core.publisher.FluxConcatMap$ConcatMapImmediate.onSubscribe(FluxConcatMap.java:210)
	at reactor.core.publisher.FluxIterable.subscribe(FluxIterable.java:140)
	at reactor.core.publisher.FluxIterable.subscribe(FluxIterable.java:64)
	at reactor.core.publisher.FluxConcatMap.subscribe(FluxConcatMap.java:121)
	at reactor.core.publisher.MonoNext.subscribe(MonoNext.java:40)
	at reactor.core.publisher.MonoSwitchIfEmpty.subscribe(MonoSwitchIfEmpty.java:44)
	at reactor.core.publisher.MonoFlatMap.subscribe(MonoFlatMap.java:60)
	at reactor.core.publisher.MonoFlatMap.subscribe(MonoFlatMap.java:60)
	at reactor.core.publisher.MonoDefer.subscribe(MonoDefer.java:53)
	at reactor.core.publisher.MonoDefer.subscribe(MonoDefer.java:53)
	at reactor.core.publisher.MonoPeekTerminal.subscribe(MonoPeekTerminal.java:61)
	at reactor.core.publisher.MonoFlatMap$FlatMapMain.onNext(MonoFlatMap.java:150)
	at reactor.core.publisher.Operators$MonoSubscriber.complete(Operators.java:1083)
	at reactor.core.publisher.MonoZip$ZipCoordinator.signal(MonoZip.java:247)
	at reactor.core.publisher.MonoZip$ZipInner.onNext(MonoZip.java:329)
	at reactor.core.publisher.Operators$ScalarSubscription.request(Operators.java:1640)
	at reactor.core.publisher.MonoZip$ZipInner.onSubscribe(MonoZip.java:318)
	at reactor.core.publisher.MonoJust.subscribe(MonoJust.java:54)
	at reactor.core.publisher.Mono.subscribe(Mono.java:3088)
	at reactor.core.publisher.MonoZip.subscribe(MonoZip.java:128)
	at reactor.core.publisher.MonoFlatMap.subscribe(MonoFlatMap.java:60)
	at reactor.core.publisher.MonoDefer.subscribe(MonoDefer.java:53)
	at reactor.core.publisher.MonoDefer.subscribe(MonoDefer.java:53)
	at reactor.core.publisher.MonoDefer.subscribe(MonoDefer.java:53)
	at reactor.core.publisher.MonoPeekTerminal.subscribe(MonoPeekTerminal.java:61)
	at reactor.core.publisher.MonoPeekFuseable.subscribe(MonoPeekFuseable.java:74)
	at reactor.core.publisher.MonoDefer.subscribe(MonoDefer.java:53)
	at reactor.core.publisher.MonoDefer.subscribe(MonoDefer.java:53)
	at reactor.core.publisher.MonoOnErrorResume.subscribe(MonoOnErrorResume.java:44)
	at reactor.core.publisher.MonoOnErrorResume.subscribe(MonoOnErrorResume.java:44)
	at reactor.core.publisher.MonoOnErrorResume.subscribe(MonoOnErrorResume.java:44)
	at reactor.core.publisher.MonoOnErrorResume.subscribe(MonoOnErrorResume.java:44)
	at reactor.core.publisher.Mono.subscribe(Mono.java:3088)
	at reactor.core.publisher.MonoIgnoreThen$ThenIgnoreMain.drain(MonoIgnoreThen.java:172)
	at reactor.core.publisher.MonoIgnoreThen.subscribe(MonoIgnoreThen.java:56)
	at reactor.core.publisher.MonoPeekFuseable.subscribe(MonoPeekFuseable.java:70)
	at reactor.core.publisher.MonoPeekTerminal.subscribe(MonoPeekTerminal.java:61)
	at reactor.ipc.netty.channel.ChannelOperations.applyHandler(ChannelOperations.java:381)
	at reactor.ipc.netty.http.server.HttpServerOperations.onHandlerStart(HttpServerOperations.java:399)
	at io.netty.util.concurrent.AbstractEventExecutor.safeExecute(AbstractEventExecutor.java:163)
	at io.netty.util.concurrent.SingleThreadEventExecutor.runAllTasks(SingleThreadEventExecutor.java:404)
	at io.netty.channel.nio.NioEventLoop.run(NioEventLoop.java:446)
	at io.netty.util.concurrent.SingleThreadEventExecutor$5.run(SingleThreadEventExecutor.java:884)
	at java.lang.Thread.run(Thread.java:748)
